#                 Statistics Report
#  Circuit name                                s1238
#  Fault model                                   SAF
#  Pattern type                                  LOC
#  -------------------------------------------------
#  Fault classes                             #faults
#  ----------------------------  -------------------
#    FU (full)                                  3378
#    --------------------------  -------------------
#    UD (undetected)                              36
#    PT (possibly testable)                        0
#    AU (atpg untestable)                         88
#    RE (redundant)                                0
#    AB (atpg abort)                               0
#    TI (tied)                                     0
#    --------------------------  -------------------
#    DT (detected)                              3254
#  -------------------------------------------------
#  Coverage                               percentage
#    --------------------------  -------------------
#    test coverage                            98.91%
#    fault coverage                           96.33%
#    atpg effectiveness                       98.93%
#  -------------------------------------------------
#  #Patterns                                     199
#  -------------------------------------------------
#  ATPG runtime                            0.03469 s
#  -------------------------------------------------
