#                 Statistics Report
#  Circuit name                                s9234
#  Fault model                                   SAF
#  Pattern type                                  LOC
#  -------------------------------------------------
#  Fault classes                             #faults
#  ----------------------------  -------------------
#    FU (full)                                 29826
#    --------------------------  -------------------
#    UD (undetected)                             422
#    PT (possibly testable)                        0
#    AU (atpg untestable)                       1580
#    RE (redundant)                                0
#    AB (atpg abort)                              52
#    TI (tied)                                     0
#    --------------------------  -------------------
#    DT (detected)                             27772
#  -------------------------------------------------
#  Coverage                               percentage
#    --------------------------  -------------------
#    test coverage                            98.32%
#    fault coverage                           93.11%
#    atpg effectiveness                       98.41%
#  -------------------------------------------------
#  #Patterns                                     616
#  -------------------------------------------------
#  ATPG runtime                              6.227 s
#  -------------------------------------------------
