#                 Statistics Report
#  Circuit name                               s15850
#  Fault model                                   TDF
#  Pattern type                                  LOC
#  -------------------------------------------------
#  Fault classes                             #faults
#  ----------------------------  -------------------
#    FU (full)                                 53704
#    --------------------------  -------------------
#    UD (undetected)                            1068
#    PT (possibly testable)                        0
#    AU (atpg untestable)                       5779
#    RE (redundant)                                0
#    AB (atpg abort)                             413
#    TI (tied)                                     0
#    --------------------------  -------------------
#    DT (detected)                             46444
#  -------------------------------------------------
#  Coverage                               percentage
#    --------------------------  -------------------
#    test coverage                            96.91%
#    fault coverage                           86.48%
#    atpg effectiveness                       97.24%
#  -------------------------------------------------
#  #Patterns                                    1260
#  -------------------------------------------------
#  ATPG runtime                              74.08 s
#  -------------------------------------------------
