#                 Statistics Report
#  Circuit name                                c5315
#  Fault model                                   TDF
#  Pattern type                                  LOC
#  -------------------------------------------------
#  Fault classes                             #faults
#  ----------------------------  -------------------
#    FU (full)                                 14080
#    --------------------------  -------------------
#    UD (undetected)                               0
#    PT (possibly testable)                        0
#    AU (atpg untestable)                         65
#    RE (redundant)                                0
#    AB (atpg abort)                               3
#    TI (tied)                                     0
#    --------------------------  -------------------
#    DT (detected)                             14012
#  -------------------------------------------------
#  Coverage                               percentage
#    --------------------------  -------------------
#    test coverage                            99.98%
#    fault coverage                           99.52%
#    atpg effectiveness                       99.98%
#  -------------------------------------------------
#  #Patterns                                     790
#  -------------------------------------------------
#  ATPG runtime                             0.7969 s
#  -------------------------------------------------
