#                 Statistics Report
#  Circuit name                                 b15s
#  Fault model                                   SAF
#  Pattern type                                BASIC
#  -------------------------------------------------
#  Fault classes                             #faults
#  ----------------------------  -------------------
#    FU (full)                                 56412
#    --------------------------  -------------------
#    UD (undetected)                               0
#    PT (possibly testable)                        0
#    AU (atpg untestable)                         33
#    RE (redundant)                                0
#    AB (atpg abort)                            2690
#    TI (tied)                                     0
#    DH (hard-but-detected)                     5638
#    --------------------------  -------------------
#    DT (detected)                             53689
#  -------------------------------------------------
#  Coverage                               percentage
#    --------------------------  -------------------
#    test coverage                            95.23%
#    fault coverage                           95.17%
#    atpg effectiveness                       95.23%
#  -------------------------------------------------
#  #Patterns                                     528
#  #Patterns Norm.                               528
#  Ave.Spec-rate                              11.41%
#  Max.Spec-rate                              94.02%
#  -------------------------------------------------
#  ATPG runtime                              492.3 s
#  -------------------------------------------------
