#                 Statistics Report
#  Circuit name                                 b20s
#  Fault model                                   SAF
#  Pattern type                                BASIC
#  -------------------------------------------------
#  Fault classes                             #faults
#  ----------------------------  -------------------
#    FU (full)                                 58670
#    --------------------------  -------------------
#    UD (undetected)                               0
#    PT (possibly testable)                        0
#    AU (atpg untestable)                        383
#    RE (redundant)                                0
#    AB (atpg abort)                             619
#    TI (tied)                                     0
#    DH (hard-but-detected)                     1751
#    --------------------------  -------------------
#    DT (detected)                             57668
#  -------------------------------------------------
#  Coverage                               percentage
#    --------------------------  -------------------
#    test coverage                            98.94%
#    fault coverage                           98.29%
#    atpg effectiveness                       98.94%
#  -------------------------------------------------
#  #Patterns                                     728
#  #Patterns Norm.                               509
#  Ave.Spec-rate                              19.93%
#  Max.Spec-rate                              60.15%
#  -------------------------------------------------
#  ATPG runtime                                377 s
#  -------------------------------------------------
