#                 Statistics Report
#  Circuit name                                 b21s
#  Fault model                                   SAF
#  Pattern type                                BASIC
#  -------------------------------------------------
#  Fault classes                             #faults
#  ----------------------------  -------------------
#    FU (full)                                 28564
#    --------------------------  -------------------
#    UD (undetected)                               0
#    PT (possibly testable)                        0
#    AU (atpg untestable)                         48
#    RE (redundant)                                0
#    AB (atpg abort)                            1123
#    TI (tied)                                     0
#    DH (hard-but-detected)                     1545
#    --------------------------  -------------------
#    DT (detected)                             27393
#  -------------------------------------------------
#  Coverage                               percentage
#    --------------------------  -------------------
#    test coverage                            96.06%
#    fault coverage                            95.9%
#    atpg effectiveness                       96.07%
#  -------------------------------------------------
#  #Patterns                                     665
#  Ave.Spec-rate                              20.11%
#  Max.Spec-rate                              61.88%
#  -------------------------------------------------
#  ATPG runtime                              128.2 s
#  -------------------------------------------------
