#                 Statistics Report
#  Circuit name                                 b22s
#  Fault model                                   SAF
#  Pattern type                                BASIC
#  -------------------------------------------------
#  Fault classes                             #faults
#  ----------------------------  -------------------
#    FU (full)                                 93620
#    --------------------------  -------------------
#    UD (undetected)                               0
#    PT (possibly testable)                        0
#    AU (atpg untestable)                        682
#    RE (redundant)                                0
#    AB (atpg abort)                             863
#    TI (tied)                                     0
#    DH (hard-but-detected)                     3804
#    --------------------------  -------------------
#    DT (detected)                             92075
#  -------------------------------------------------
#  Coverage                               percentage
#    --------------------------  -------------------
#    test coverage                            99.07%
#    fault coverage                           98.35%
#    atpg effectiveness                       99.08%
#  -------------------------------------------------
#  #Patterns                                     845
#  #Patterns Norm.                               706
#  Ave.Spec-rate                              17.34%
#  Max.Spec-rate                              78.88%
#  -------------------------------------------------
#  ATPG runtime                               1050 s
#  -------------------------------------------------
