#                 Statistics Report
#  Circuit name                                  c17
#  Fault model                                   SAF
#  Pattern type                                  LOC
#  -------------------------------------------------
#  Fault classes                             #faults
#  ----------------------------  -------------------
#    FU (full)                                    22
#    --------------------------  -------------------
#    UD (undetected)                              22
#    PT (possibly testable)                        0
#    AU (atpg untestable)                          0
#    RE (redundant)                                0
#    AB (atpg abort)                               0
#    TI (tied)                                     0
#    --------------------------  -------------------
#    DT (detected)                                 0
#  -------------------------------------------------
#  Coverage                               percentage
#    --------------------------  -------------------
#    test coverage                                0%
#    fault coverage                               0%
#    atpg effectiveness                           0%
#  -------------------------------------------------
#  #Patterns                                      22
#  -------------------------------------------------
#  ATPG runtime                           0.001474 s
#  -------------------------------------------------
