#                 Statistics Report
#  Circuit name                                 c499
#  Fault model                                   SAF
#  Pattern type                                  LOC
#  -------------------------------------------------
#  Fault classes                             #faults
#  ----------------------------  -------------------
#    FU (full)                                  2646
#    --------------------------  -------------------
#    UD (undetected)                               0
#    PT (possibly testable)                        0
#    AU (atpg untestable)                          0
#    RE (redundant)                                0
#    AB (atpg abort)                             109
#    TI (tied)                                     0
#    DH (hard-but-detected)                      579
#    --------------------------  -------------------
#    DT (detected)                              2537
#  -------------------------------------------------
#  Coverage                               percentage
#    --------------------------  -------------------
#    test coverage                            95.88%
#    fault coverage                           95.88%
#    atpg effectiveness                       95.88%
#  -------------------------------------------------
#  #Patterns                                      99
#  #Patterns Norm.                                99
#  Ave.Spec-rate                              99.33%
#  Max.Spec-rate                                100%
#  -------------------------------------------------
#  ATPG runtime                               63.5 s
#  -------------------------------------------------
