#                 Statistics Report
#  Circuit name                                c5315
#  Fault model                                   SAF
#  Pattern type                                  LOC
#  -------------------------------------------------
#  Fault classes                             #faults
#  ----------------------------  -------------------
#    FU (full)                                 14080
#    --------------------------  -------------------
#    UD (undetected)                               0
#    PT (possibly testable)                       95
#    AU (atpg untestable)                         34
#    RE (redundant)                                0
#    AB (atpg abort)                             110
#    TI (tied)                                     0
#    --------------------------  -------------------
#    DT (detected)                             13841
#  -------------------------------------------------
#  Coverage                               percentage
#    --------------------------  -------------------
#    test coverage                            98.54%
#    fault coverage                            98.3%
#    atpg effectiveness                       98.54%
#  -------------------------------------------------
#  #Patterns                                    1308
#  -------------------------------------------------
#  ATPG runtime                              1.014 s
#  -------------------------------------------------
