#                 Statistics Report
#  Circuit name                                c6288
#  Fault model                                   SAF
#  Pattern type                                  LOC
#  -------------------------------------------------
#  Fault classes                             #faults
#  ----------------------------  -------------------
#    FU (full)                                 14560
#    --------------------------  -------------------
#    UD (undetected)                               0
#    PT (possibly testable)                        0
#    AU (atpg untestable)                         80
#    RE (redundant)                                0
#    AB (atpg abort)                               5
#    TI (tied)                                     0
#    DH (hard-but-detected)                       78
#    --------------------------  -------------------
#    DT (detected)                             14475
#  -------------------------------------------------
#  Coverage                               percentage
#    --------------------------  -------------------
#    test coverage                            99.97%
#    fault coverage                           99.42%
#    atpg effectiveness                       99.97%
#  -------------------------------------------------
#  #Patterns                                      40
#  #Patterns Norm.                                40
#  Ave.Spec-rate                              91.02%
#  Max.Spec-rate                                100%
#  -------------------------------------------------
#  ATPG runtime                              15.35 s
#  -------------------------------------------------
