#                 Statistics Report
#  Circuit name                                c880a
#  Fault model                                   SAF
#  Pattern type                                  LOC
#  -------------------------------------------------
#  Fault classes                             #faults
#  ----------------------------  -------------------
#    FU (full)                                  2396
#    --------------------------  -------------------
#    UD (undetected)                               0
#    PT (possibly testable)                        0
#    AU (atpg untestable)                          0
#    RE (redundant)                                0
#    AB (atpg abort)                               9
#    TI (tied)                                     0
#    DH (hard-but-detected)                     2387
#    --------------------------  -------------------
#    DT (detected)                              2387
#  -------------------------------------------------
#  Coverage                               percentage
#    --------------------------  -------------------
#    test coverage                            99.62%
#    fault coverage                           99.62%
#    atpg effectiveness                       99.62%
#  -------------------------------------------------
#  #Patterns                                     104
#  #Patterns Norm.                               104
#  Ave.Spec-rate                              16.84%
#  Max.Spec-rate                              76.67%
#  -------------------------------------------------
#  ATPG runtime                              20.54 s
#  -------------------------------------------------
