#                 Statistics Report
#  Circuit name                              mtx_top
#  Fault model                                   SAF
#  Pattern type                                BASIC
#  -------------------------------------------------
#  Fault classes                             #faults
#  ----------------------------  -------------------
#    FU (full)                                261070
#    --------------------------  -------------------
#    UD (undetected)                               0
#    PT (possibly testable)                        0
#    AU (atpg untestable)                        220
#    RE (redundant)                                0
#    AB (atpg abort)                             148
#    TI (tied)                                     0
#    DH (hard-but-detected)                     3607
#    --------------------------  -------------------
#    DT (detected)                            260702
#  -------------------------------------------------
#  Coverage                               percentage
#    --------------------------  -------------------
#    test coverage                            99.94%
#    fault coverage                           99.86%
#    atpg effectiveness                       99.94%
#  -------------------------------------------------
#  #Patterns                                     544
#  #Patterns Norm.                               544
#  Ave.Spec-rate                               10.2%
#  Max.Spec-rate                              58.72%
#  -------------------------------------------------
#  ATPG runtime                               1663 s
#  -------------------------------------------------
