#                 Statistics Report
#  Circuit name                                s1238
#  Fault model                                   SAF
#  Pattern type                                  LOC
#  -------------------------------------------------
#  Fault classes                             #faults
#  ----------------------------  -------------------
#    FU (full)                                  3226
#    --------------------------  -------------------
#    UD (undetected)                               0
#    PT (possibly testable)                      613
#    AU (atpg untestable)                         91
#    RE (redundant)                                0
#    AB (atpg abort)                             105
#    TI (tied)                                     0
#    --------------------------  -------------------
#    DT (detected)                              2417
#  -------------------------------------------------
#  Coverage                               percentage
#    --------------------------  -------------------
#    test coverage                             77.1%
#    fault coverage                           74.92%
#    atpg effectiveness                       77.74%
#  -------------------------------------------------
#  #Patterns                                     877
#  -------------------------------------------------
#  ATPG runtime                             0.5404 s
#  -------------------------------------------------
