#                 Statistics Report
#  Circuit name                                s1238
#  Fault model                                   TDF
#  Pattern type                                  LOC
#  -------------------------------------------------
#  Fault classes                             #faults
#  ----------------------------  -------------------
#    FU (full)                                  3378
#    --------------------------  -------------------
#    UD (undetected)                              36
#    PT (possibly testable)                        0
#    AU (atpg untestable)                         95
#    RE (redundant)                                0
#    AB (atpg abort)                               0
#    TI (tied)                                     0
#    --------------------------  -------------------
#    DT (detected)                              3247
#  -------------------------------------------------
#  Coverage                               percentage
#    --------------------------  -------------------
#    test coverage                             98.9%
#    fault coverage                           96.12%
#    atpg effectiveness                       98.93%
#  -------------------------------------------------
#  #Patterns                                     400
#  -------------------------------------------------
#  ATPG runtime                            0.08987 s
#  -------------------------------------------------
