#                 Statistics Report
#  Circuit name                               s15850
#  Fault model                                   SAF
#  Pattern type                                  LOC
#  -------------------------------------------------
#  Fault classes                             #faults
#  ----------------------------  -------------------
#    FU (full)                                 12150
#    --------------------------  -------------------
#    UD (undetected)                               0
#    PT (possibly testable)                        0
#    AU (atpg untestable)                        447
#    RE (redundant)                                0
#    AB (atpg abort)                              77
#    TI (tied)                                     0
#    DH (hard-but-detected)                      168
#    --------------------------  -------------------
#    DT (detected)                             11626
#  -------------------------------------------------
#  Coverage                               percentage
#    --------------------------  -------------------
#    test coverage                            99.34%
#    fault coverage                           95.69%
#    atpg effectiveness                       99.37%
#  -------------------------------------------------
#  #Patterns                                     235
#  Ave.Spec-rate                              12.39%
#  Max.Spec-rate                              54.01%
#  -------------------------------------------------
#  ATPG runtime                              53.91 s
#  -------------------------------------------------
