#                 Statistics Report
#  Circuit name                                 s298
#  Fault model                                   SAF
#  Pattern type                                  LOC
#  -------------------------------------------------
#  Fault classes                             #faults
#  ----------------------------  -------------------
#    FU (full)                                   800
#    --------------------------  -------------------
#    UD (undetected)                              10
#    PT (possibly testable)                        0
#    AU (atpg untestable)                          0
#    RE (redundant)                                0
#    AB (atpg abort)                               0
#    TI (tied)                                     0
#    DH (hard-but-detected)                       35
#    --------------------------  -------------------
#    DT (detected)                               790
#  -------------------------------------------------
#  Coverage                               percentage
#    --------------------------  -------------------
#    test coverage                            98.75%
#    fault coverage                           98.75%
#    atpg effectiveness                       98.75%
#  -------------------------------------------------
#  #Patterns                                      26
#  #Patterns Norm.                                26
#  Ave.Spec-rate                              58.14%
#  Max.Spec-rate                                100%
#  -------------------------------------------------
#  ATPG runtime                            0.09699 s
#  -------------------------------------------------
