#                 Statistics Report
#  Circuit name                                 s344
#  Fault model                                   SAF
#  Pattern type                                  LOC
#  -------------------------------------------------
#  Fault classes                             #faults
#  ----------------------------  -------------------
#    FU (full)                                   958
#    --------------------------  -------------------
#    UD (undetected)                               0
#    PT (possibly testable)                        2
#    AU (atpg untestable)                          0
#    RE (redundant)                                0
#    AB (atpg abort)                               3
#    TI (tied)                                     0
#    DH (hard-but-detected)                       55
#    --------------------------  -------------------
#    DT (detected)                               953
#  -------------------------------------------------
#  Coverage                               percentage
#    --------------------------  -------------------
#    test coverage                            99.69%
#    fault coverage                           99.69%
#    atpg effectiveness                       99.48%
#  -------------------------------------------------
#  #Patterns                                      20
#  #Patterns Norm.                                20
#  Ave.Spec-rate                              59.58%
#  Max.Spec-rate                                100%
#  -------------------------------------------------
#  ATPG runtime                              0.196 s
#  -------------------------------------------------
