#                 Statistics Report
#  Circuit name                               s35932
#  Fault model                                   SAF
#  Pattern type                                  LOC
#  -------------------------------------------------
#  Fault classes                             #faults
#  ----------------------------  -------------------
#    FU (full)                                 39094
#    --------------------------  -------------------
#    UD (undetected)                               0
#    PT (possibly testable)                        0
#    AU (atpg untestable)                       3856
#    RE (redundant)                                0
#    AB (atpg abort)                             640
#    TI (tied)                                     0
#    --------------------------  -------------------
#    DT (detected)                             34598
#  -------------------------------------------------
#  Coverage                               percentage
#    --------------------------  -------------------
#    test coverage                            98.18%
#    fault coverage                            88.5%
#    atpg effectiveness                       98.36%
#  -------------------------------------------------
#  #Patterns                                    1267
#  Ave.Spec-rate                             0.4301%
#  Max.Spec-rate                             0.5105%
#  -------------------------------------------------
#  ATPG runtime                              187.1 s
#  -------------------------------------------------
