#                 Statistics Report
#  Circuit name                                 s382
#  Fault model                                   SAF
#  Pattern type                                  LOC
#  -------------------------------------------------
#  Fault classes                             #faults
#  ----------------------------  -------------------
#    FU (full)                                  1014
#    --------------------------  -------------------
#    UD (undetected)                               0
#    PT (possibly testable)                        2
#    AU (atpg untestable)                         22
#    RE (redundant)                                0
#    AB (atpg abort)                              99
#    TI (tied)                                     0
#    DH (hard-but-detected)                      130
#    --------------------------  -------------------
#    DT (detected)                               891
#  -------------------------------------------------
#  Coverage                               percentage
#    --------------------------  -------------------
#    test coverage                            90.02%
#    fault coverage                           88.07%
#    atpg effectiveness                       90.04%
#  -------------------------------------------------
#  #Patterns                                      25
#  #Patterns Norm.                                25
#  Ave.Spec-rate                               21.5%
#  Max.Spec-rate                              58.33%
#  -------------------------------------------------
#  ATPG runtime                              1.189 s
#  -------------------------------------------------
