#                 Statistics Report
#  Circuit name                               s38417
#  Fault model                                   SAF
#  Pattern type                                  LOC
#  -------------------------------------------------
#  Fault classes                             #faults
#  ----------------------------  -------------------
#    FU (full)                                115226
#    --------------------------  -------------------
#    UD (undetected)                               0
#    PT (possibly testable)                       11
#    AU (atpg untestable)                        214
#    RE (redundant)                                0
#    AB (atpg abort)                             139
#    TI (tied)                                     0
#    DH (hard-but-detected)                      852
#    --------------------------  -------------------
#    DT (detected)                            114862
#  -------------------------------------------------
#  Coverage                               percentage
#    --------------------------  -------------------
#    test coverage                            99.88%
#    fault coverage                           99.69%
#    atpg effectiveness                       99.87%
#  -------------------------------------------------
#  #Patterns                                     313
#  #Patterns Norm.                               313
#  Ave.Spec-rate                               17.2%
#  Max.Spec-rate                              54.15%
#  -------------------------------------------------
#  ATPG runtime                              117.8 s
#  -------------------------------------------------
