#                 Statistics Report
#  Circuit name                               s38584
#  Fault model                                   SAF
#  Pattern type                                  LOC
#  -------------------------------------------------
#  Fault classes                             #faults
#  ----------------------------  -------------------
#    FU (full)                                110406
#    --------------------------  -------------------
#    UD (undetected)                               0
#    PT (possibly testable)                        0
#    AU (atpg untestable)                       5103
#    RE (redundant)                                0
#    AB (atpg abort)                             120
#    TI (tied)                                     0
#    DH (hard-but-detected)                     2606
#    --------------------------  -------------------
#    DT (detected)                            105183
#  -------------------------------------------------
#  Coverage                               percentage
#    --------------------------  -------------------
#    test coverage                            99.89%
#    fault coverage                           95.27%
#    atpg effectiveness                       99.89%
#  -------------------------------------------------
#  #Patterns                                     334
#  #Patterns Norm.                               334
#  Ave.Spec-rate                               11.1%
#  Max.Spec-rate                              92.21%
#  -------------------------------------------------
#  ATPG runtime                              271.1 s
#  -------------------------------------------------
