#                 Statistics Report
#  Circuit name                                s9234
#  Fault model                                   SAF
#  Pattern type                                  LOC
#  -------------------------------------------------
#  Fault classes                             #faults
#  ----------------------------  -------------------
#    FU (full)                                 28130
#    --------------------------  -------------------
#    UD (undetected)                               0
#    PT (possibly testable)                      321
#    AU (atpg untestable)                          0
#    RE (redundant)                                0
#    AB (atpg abort)                           15219
#    TI (tied)                                     0
#    --------------------------  -------------------
#    DT (detected)                             12590
#  -------------------------------------------------
#  Coverage                               percentage
#    --------------------------  -------------------
#    test coverage                            44.76%
#    fault coverage                           44.76%
#    atpg effectiveness                       44.76%
#  -------------------------------------------------
#  #Patterns                                     871
#  -------------------------------------------------
#  ATPG runtime                              3.454 s
#  -------------------------------------------------
